<?xml version="1.0" encoding="UTF-8"?>
<testng-results ignored="0" total="1" passed="1" failed="0" skipped="0">
  <reporter-output>
  </reporter-output>
  <suite started-at="2025-02-27T22:59:46Z" name="Default suite" finished-at="2025-02-27T23:00:08Z" duration-ms="21601">
    <groups>
    </groups>
    <test started-at="2025-02-27T22:59:46Z" name="Default test" finished-at="2025-02-27T23:00:08Z" duration-ms="21601">
      <class name="pruebas.PracticaM6Test2">
        <test-method is-config="true" signature="setUP()[pri:0, instance:pruebas.PracticaM6Test2@74bf1791]" started-at="2025-02-27T19:59:46Z" name="setUP" finished-at="2025-02-27T20:00:07Z" duration-ms="20322" status="PASS">
          <reporter-output>
          </reporter-output>
        </test-method> <!-- setUP -->
        <test-method signature="alertaNotificacion()[pri:0, instance:pruebas.PracticaM6Test2@74bf1791]" started-at="2025-02-27T20:00:07Z" name="alertaNotificacion" finished-at="2025-02-27T20:00:07Z" duration-ms="469" status="PASS">
          <reporter-output>
          </reporter-output>
        </test-method> <!-- alertaNotificacion -->
        <test-method is-config="true" signature="tearDown()[pri:0, instance:pruebas.PracticaM6Test2@74bf1791]" started-at="2025-02-27T20:00:07Z" name="tearDown" finished-at="2025-02-27T20:00:08Z" duration-ms="741" status="PASS">
          <reporter-output>
          </reporter-output>
        </test-method> <!-- tearDown -->
      </class> <!-- pruebas.PracticaM6Test2 -->
    </test> <!-- Default test -->
  </suite> <!-- Default suite -->
</testng-results>
