<?xml version="1.0" encoding="UTF-8"?>
<!-- Generated by org.testng.reporters.JUnitReportReporter -->
<testsuite hostname="DESKTOP-RAGPLQ9" failures="0" tests="4" name="saucedemo.Desafio6SauceDemoTest" time="73.577" errors="0" timestamp="2026-07-16T04:38:41 ART" skipped="0">
  <testcase classname="saucedemo.Desafio6SauceDemoTest" name="generarPreOrden" time="16.105"/>
  <testcase classname="saucedemo.Desafio6SauceDemoTest" name="generarPreOrden" time="23.814"/>
  <testcase classname="saucedemo.Desafio6SauceDemoTest" name="generarPreOrden" time="16.579"/>
  <testcase classname="saucedemo.Desafio6SauceDemoTest" name="generarPreOrden" time="17.079"/>
</testsuite> <!-- saucedemo.Desafio6SauceDemoTest -->
