<?xml version="1.0" encoding="UTF-8"?>
<!-- Generated by org.testng.reporters.JUnitReportReporter -->
<testsuite ignored="0" hostname="DESKTOP-UF8DG65" failures="0" tests="2" name="EducacionIT_75402.EduIT.Annotations" time="0.027" errors="0" timestamp="11 feb. 2025 23:11:56 GMT" skipped="0">
  <testcase classname="EducacionIT_75402.EduIT.Annotations" name="testCase2" time="0.016"/>
  <testcase classname="EducacionIT_75402.EduIT.Annotations" name="testCase1" time="0.011"/>
</testsuite> <!-- EducacionIT_75402.EduIT.Annotations -->
