<?xml version="1.0" encoding="UTF-8"?>
<!-- Generated by org.testng.reporters.JUnitReportReporter -->
<testsuite ignored="0" hostname="DESKTOP-UF8DG65" failures="0" tests="3" name="pruebas.PracticaM5" time="43.699" errors="0" timestamp="20 feb. 2025 23:45:08 GMT" skipped="0">
  <testcase classname="pruebas.PracticaM5" name="loginUser" time="14.702"/>
  <testcase classname="pruebas.PracticaM5" name="loginUser" time="14.301"/>
  <testcase classname="pruebas.PracticaM5" name="loginUser" time="14.696"/>
</testsuite> <!-- pruebas.PracticaM5 -->
