<?xml version="1.0" encoding="UTF-8"?>
<!-- Generated by org.testng.reporters.JUnitReportReporter -->
<testsuite ignored="0" hostname="DESKTOP-UF8DG65" failures="0" tests="2" name="EducacionIT_75402.EduIT.PracticaM3Test" time="54.526" errors="0" timestamp="13 feb. 2025 23:27:59 GMT" skipped="0">
  <testcase classname="EducacionIT_75402.EduIT.PracticaM3Test" name="registrarUsuario" time="26.305"/>
  <testcase classname="EducacionIT_75402.EduIT.PracticaM3Test" name="registrarOtroUsuario" time="28.221"/>
</testsuite> <!-- EducacionIT_75402.EduIT.PracticaM3Test -->
